# JRE version: Java(TM) SE Runtime Environment (8.0_231-b11) (build 1.8.0_231-b11)
# Java VM: Java HotSpot(TM) 64-Bit Server VM (25.231-b11 mixed mode windows-amd64 compressed oops)
Heap:
 PSYoungGen      total 287232K, used 207590K [0x0000000780380000, 0x0000000793000000, 0x00000007c0000000)
  eden space 266752K, 77% used [0x0000000780380000,0x000000078ce399b8,0x0000000790800000)
  from space 20480K, 0% used [0x0000000791c00000,0x0000000791c00000,0x0000000793000000)
  to   space 20480K, 0% used [0x0000000790800000,0x0000000790800000,0x0000000791c00000)
 ParOldGen       total 139776K, used 28678K [0x0000000700a00000, 0x0000000709280000, 0x0000000780380000)
  object space 139776K, 20% used [0x0000000700a00000,0x0000000702601b40,0x0000000709280000)
 Metaspace       used 59684K, capacity 63640K, committed 63920K, reserved 1103872K
  class space    used 8091K, capacity 8851K, committed 8880K, reserved 1048576K
GC Heap History (10 events):
Event: 137.202 GC heap before
{Heap before GC invocations=12 (full 4):
 PSYoungGen      total 286208K, used 4803K [0x0000000780380000, 0x0000000793000000, 0x00000007c0000000)
  eden space 266240K, 0% used [0x0000000780380000,0x0000000780380000,0x0000000790780000)
  from space 19968K, 24% used [0x0000000791b80000,0x0000000792030f40,0x0000000792f00000)
  to   space 20480K, 0% used [0x0000000790780000,0x0000000790780000,0x0000000791b80000)
 ParOldGen       total 139776K, used 22971K [0x0000000700a00000, 0x0000000709280000, 0x0000000780380000)
  object space 139776K, 16% used [0x0000000700a00000,0x000000070206ecc0,0x0000000709280000)
 Metaspace       used 55685K, capacity 58706K, committed 58928K, reserved 1099776K
  class space    used 7620K, capacity 8184K, committed 8240K, reserved 1048576K
Event: 137.438 GC heap after
Heap after GC invocations=12 (full 4):
 PSYoungGen      total 286208K, used 0K [0x0000000780380000, 0x0000000793000000, 0x00000007c0000000)
  eden space 266240K, 0% used [0x0000000780380000,0x0000000780380000,0x0000000790780000)
  from space 19968K, 0% used [0x0000000791b80000,0x0000000791b80000,0x0000000792f00000)
  to   space 20480K, 0% used [0x0000000790780000,0x0000000790780000,0x0000000791b80000)
 ParOldGen       total 139776K, used 23640K [0x0000000700a00000, 0x0000000709280000, 0x0000000780380000)
  object space 139776K, 16% used [0x0000000700a00000,0x0000000702116058,0x0000000709280000)
 Metaspace       used 55685K, capacity 58706K, committed 58928K, reserved 1099776K
  class space    used 7620K, capacity 8184K, committed 8240K, reserved 1048576K
}
Event: 157.069 GC heap before
{Heap before GC invocations=13 (full 4):
 PSYoungGen      total 286208K, used 209376K [0x0000000780380000, 0x0000000793000000, 0x00000007c0000000)
  eden space 266240K, 78% used [0x0000000780380000,0x000000078cff8268,0x0000000790780000)
  from space 19968K, 0% used [0x0000000791b80000,0x0000000791b80000,0x0000000792f00000)
  to   space 20480K, 0% used [0x0000000790780000,0x0000000790780000,0x0000000791b80000)
 ParOldGen       total 139776K, used 23640K [0x0000000700a00000, 0x0000000709280000, 0x0000000780380000)
  object space 139776K, 16% used [0x0000000700a00000,0x0000000702116058,0x0000000709280000)
 Metaspace       used 56163K, capacity 59248K, committed 59440K, reserved 1099776K
  class space    used 7638K, capacity 8237K, committed 8240K, reserved 1048576K
Event: 157.079 GC heap after
Heap after GC invocations=13 (full 4):
 PSYoungGen      total 286720K, used 4739K [0x0000000780380000, 0x0000000793000000, 0x00000007c0000000)
  eden space 266240K, 0% used [0x0000000780380000,0x0000000780380000,0x0000000790780000)
  from space 20480K, 23% used [0x0000000790780000,0x0000000790c20f40,0x0000000791b80000)
  to   space 20480K, 0% used [0x0000000791c00000,0x0000000791c00000,0x0000000793000000)
 ParOldGen       total 139776K, used 23648K [0x0000000700a00000, 0x0000000709280000, 0x0000000780380000)
  object space 139776K, 16% used [0x0000000700a00000,0x0000000702118058,0x0000000709280000)
 Metaspace       used 56163K, capacity 59248K, committed 59440K, reserved 1099776K
  class space    used 7638K, capacity 8237K, committed 8240K, reserved 1048576K
}
Event: 157.080 GC heap before
{Heap before GC invocations=14 (full 5):
 PSYoungGen      total 286720K, used 4739K [0x0000000780380000, 0x0000000793000000, 0x00000007c0000000)
  eden space 266240K, 0% used [0x0000000780380000,0x0000000780380000,0x0000000790780000)
  from space 20480K, 23% used [0x0000000790780000,0x0000000790c20f40,0x0000000791b80000)
  to   space 20480K, 0% used [0x0000000791c00000,0x0000000791c00000,0x0000000793000000)
 ParOldGen       total 139776K, used 23648K [0x0000000700a00000, 0x0000000709280000, 0x0000000780380000)
  object space 139776K, 16% used [0x0000000700a00000,0x0000000702118058,0x0000000709280000)
 Metaspace       used 56163K, capacity 59248K, committed 59440K, reserved 1099776K
  class space    used 7638K, capacity 8237K, committed 8240K, reserved 1048576K
Event: 157.252 GC heap after
Heap after GC invocations=14 (full 5):
 PSYoungGen      total 286720K, used 0K [0x0000000780380000, 0x0000000793000000, 0x00000007c0000000)
  eden space 266240K, 0% used [0x0000000780380000,0x0000000780380000,0x0000000790780000)
  from space 20480K, 0% used [0x0000000790780000,0x0000000790780000,0x0000000791b80000)
  to   space 20480K, 0% used [0x0000000791c00000,0x0000000791c00000,0x0000000793000000)
 ParOldGen       total 139776K, used 26120K [0x0000000700a00000, 0x0000000709280000, 0x0000000780380000)
  object space 139776K, 18% used [0x0000000700a00000,0x00000007023822f0,0x0000000709280000)
 Metaspace       used 56163K, capacity 59248K, committed 59440K, reserved 1099776K
  class space    used 7638K, capacity 8237K, committed 8240K, reserved 1048576K
}
Event: 177.985 GC heap before
{Heap before GC invocations=15 (full 5):
 PSYoungGen      total 286720K, used 210422K [0x0000000780380000, 0x0000000793000000, 0x00000007c0000000)
  eden space 266240K, 79% used [0x0000000780380000,0x000000078d0fd9c8,0x0000000790780000)
  from space 20480K, 0% used [0x0000000790780000,0x0000000790780000,0x0000000791b80000)
  to   space 20480K, 0% used [0x0000000791c00000,0x0000000791c00000,0x0000000793000000)
 ParOldGen       total 139776K, used 26120K [0x0000000700a00000, 0x0000000709280000, 0x0000000780380000)
  object space 139776K, 18% used [0x0000000700a00000,0x00000007023822f0,0x0000000709280000)
 Metaspace       used 56606K, capacity 59864K, committed 60080K, reserved 1101824K
  class space    used 7660K, capacity 8299K, committed 8368K, reserved 1048576K
Event: 177.993 GC heap after
Heap after GC invocations=15 (full 5):
 PSYoungGen      total 287232K, used 4672K [0x0000000780380000, 0x0000000793000000, 0x00000007c0000000)
  eden space 266752K, 0% used [0x0000000780380000,0x0000000780380000,0x0000000790800000)
  from space 20480K, 22% used [0x0000000791c00000,0x0000000792090000,0x0000000793000000)
  to   space 20480K, 0% used [0x0000000790800000,0x0000000790800000,0x0000000791c00000)
 ParOldGen       total 139776K, used 26128K [0x0000000700a00000, 0x0000000709280000, 0x0000000780380000)
  object space 139776K, 18% used [0x0000000700a00000,0x00000007023842f0,0x0000000709280000)
 Metaspace       used 56606K, capacity 59864K, committed 60080K, reserved 1101824K
  class space    used 7660K, capacity 8299K, committed 8368K, reserved 1048576K
}
Event: 177.993 GC heap before
{Heap before GC invocations=16 (full 6):
 PSYoungGen      total 287232K, used 4672K [0x0000000780380000, 0x0000000793000000, 0x00000007c0000000)
  eden space 266752K, 0% used [0x0000000780380000,0x0000000780380000,0x0000000790800000)
  from space 20480K, 22% used [0x0000000791c00000,0x0000000792090000,0x0000000793000000)
  to   space 20480K, 0% used [0x0000000790800000,0x0000000790800000,0x0000000791c00000)
 ParOldGen       total 139776K, used 26128K [0x0000000700a00000, 0x0000000709280000, 0x0000000780380000)
  object space 139776K, 18% used [0x0000000700a00000,0x00000007023842f0,0x0000000709280000)
 Metaspace       used 56606K, capacity 59864K, committed 60080K, reserved 1101824K
  class space    used 7660K, capacity 8299K, committed 8368K, reserved 1048576K
Event: 178.162 GC heap after
Heap after GC invocations=16 (full 6):
 PSYoungGen      total 287232K, used 0K [0x0000000780380000, 0x0000000793000000, 0x00000007c0000000)
  eden space 266752K, 0% used [0x0000000780380000,0x0000000780380000,0x0000000790800000)
  from space 20480K, 0% used [0x0000000791c00000,0x0000000791c00000,0x0000000793000000)
  to   space 20480K, 0% used [0x0000000790800000,0x0000000790800000,0x0000000791c00000)
 ParOldGen       total 139776K, used 28678K [0x0000000700a00000, 0x0000000709280000, 0x0000000780380000)
  object space 139776K, 20% used [0x0000000700a00000,0x0000000702601b40,0x0000000709280000)
 Metaspace       used 56606K, capacity 59864K, committed 60080K, reserved 1101824K
  class space    used 7660K, capacity 8299K, committed 8368K, reserved 1048576K
}

